============================= test session starts ==============================
platform linux -- Python 3.11.13, pytest-8.4.2, pluggy-1.6.0
rootdir: /home/gondilf/Desktop/projects/masters/chiron/apps/ai-service
configfile: pyproject.toml
plugins: anyio-4.11.0, asyncio-1.2.0
asyncio: mode=Mode.AUTO, debug=False, asyncio_default_fixture_loop_scope=None, asyncio_default_test_loop_scope=function
collected 178 items

tests/unit/test_base_provider.py ....                                    [  2%]
tests/unit/test_config.py ......................                         [ 14%]
tests/unit/test_exceptions.py ..........................                 [ 29%]
tests/unit/test_health_router.py .............                           [ 36%]
tests/unit/test_logging.py .......................                       [ 49%]
tests/unit/test_models_retrieval.py ..............                       [ 57%]
tests/unit/test_models_router.py ......................                  [ 69%]
tests/unit/test_openrouter_client.py ...FFFF......                       [ 76%]
tests/unit/test_provider_factory.py ..............                       [ 84%]
tests/unit/test_rate_limiter.py .................                        [ 94%]
tests/unit/test_streaming_chat.py ..........                             [100%]

=============================== warnings summary ===============================
app/config.py:73
  /home/gondilf/Desktop/projects/masters/chiron/apps/ai-service/app/config.py:73: PydanticDeprecatedSince20: Pydantic V1 style `@validator` validators are deprecated. You should migrate to Pydantic V2 style `@field_validator` validators, see the migration guide for more details. Deprecated in Pydantic V2.0 to be removed in V3.0. See Pydantic V2 Migration Guide at https://errors.pydantic.dev/2.11/migration/
    @validator("ai_provider")

app/config.py:84
  /home/gondilf/Desktop/projects/masters/chiron/apps/ai-service/app/config.py:84: PydanticDeprecatedSince20: Pydantic V1 style `@validator` validators are deprecated. You should migrate to Pydantic V2 style `@field_validator` validators, see the migration guide for more details. Deprecated in Pydantic V2.0 to be removed in V3.0. See Pydantic V2 Migration Guide at https://errors.pydantic.dev/2.11/migration/
    @validator("log_level")

app/config.py:95
  /home/gondilf/Desktop/projects/masters/chiron/apps/ai-service/app/config.py:95: PydanticDeprecatedSince20: Pydantic V1 style `@validator` validators are deprecated. You should migrate to Pydantic V2 style `@field_validator` validators, see the migration guide for more details. Deprecated in Pydantic V2.0 to be removed in V3.0. See Pydantic V2 Migration Guide at https://errors.pydantic.dev/2.11/migration/
    @validator("log_format")

app/config.py:106
  /home/gondilf/Desktop/projects/masters/chiron/apps/ai-service/app/config.py:106: PydanticDeprecatedSince20: Pydantic V1 style `@validator` validators are deprecated. You should migrate to Pydantic V2 style `@field_validator` validators, see the migration guide for more details. Deprecated in Pydantic V2.0 to be removed in V3.0. See Pydantic V2 Migration Guide at https://errors.pydantic.dev/2.11/migration/
    @validator("default_timeout", "connect_timeout")

app/config.py:113
  /home/gondilf/Desktop/projects/masters/chiron/apps/ai-service/app/config.py:113: PydanticDeprecatedSince20: Pydantic V1 style `@validator` validators are deprecated. You should migrate to Pydantic V2 style `@field_validator` validators, see the migration guide for more details. Deprecated in Pydantic V2.0 to be removed in V3.0. See Pydantic V2 Migration Guide at https://errors.pydantic.dev/2.11/migration/
    @validator("max_connections", "max_keepalive_connections", "rate_limit_requests", "rate_limit_window")

app/config.py:120
  /home/gondilf/Desktop/projects/masters/chiron/apps/ai-service/app/config.py:120: PydanticDeprecatedSince20: Pydantic V1 style `@validator` validators are deprecated. You should migrate to Pydantic V2 style `@field_validator` validators, see the migration guide for more details. Deprecated in Pydantic V2.0 to be removed in V3.0. See Pydantic V2 Migration Guide at https://errors.pydantic.dev/2.11/migration/
    @validator("retry_attempts")

.venv/lib/python3.11/site-packages/pydantic/_internal/_config.py:323
  /home/gondilf/Desktop/projects/masters/chiron/apps/ai-service/.venv/lib/python3.11/site-packages/pydantic/_internal/_config.py:323: PydanticDeprecatedSince20: Support for class-based `config` is deprecated, use ConfigDict instead. Deprecated in Pydantic V2.0 to be removed in V3.0. See Pydantic V2 Migration Guide at https://errors.pydantic.dev/2.11/migration/
    warnings.warn(DEPRECATION_MESSAGE, DeprecationWarning)

tests/unit/test_models_router.py::TestListModelsEndpoint::test_list_models_invalid_limit
tests/unit/test_models_router.py::TestListModelsEndpoint::test_list_models_invalid_offset
  /home/gondilf/Desktop/projects/masters/chiron/apps/ai-service/.venv/lib/python3.11/site-packages/_pytest/python.py:157: DeprecationWarning: 'HTTP_422_UNPROCESSABLE_ENTITY' is deprecated. Use 'HTTP_422_UNPROCESSABLE_CONTENT' instead.
    result = testfunction(**testargs)

tests/unit/test_openrouter_client.py::TestOpenRouterClient::test_stream_chat_completion_success
tests/unit/test_openrouter_client.py::TestOpenRouterClient::test_stream_chat_completion_with_custom_params
tests/unit/test_openrouter_client.py::TestOpenRouterClient::test_stream_chat_completion_http_error
  /home/gondilf/Desktop/projects/masters/chiron/apps/ai-service/app/services/openrouter_client.py:248: RuntimeWarning: coroutine 'AsyncMockMixin._execute_mock_call' was never awaited
    async with self._client.stream(
  Enable tracemalloc to get traceback where the object was allocated.
  See https://docs.pytest.org/en/stable/how-to/capture-warnings.html#resource-warnings for more info.

-- Docs: https://docs.pytest.org/en/stable/how-to/capture-warnings.html
=========================== short test summary info ============================
FAILED tests/unit/test_openrouter_client.py::TestOpenRouterClient::test_list_models_http_error
FAILED tests/unit/test_openrouter_client.py::TestOpenRouterClient::test_stream_chat_completion_success
FAILED tests/unit/test_openrouter_client.py::TestOpenRouterClient::test_stream_chat_completion_with_custom_params
FAILED tests/unit/test_openrouter_client.py::TestOpenRouterClient::test_stream_chat_completion_http_error
============ 4 failed, 174 passed, 12 warnings in 107.39s (0:01:47) ============
